[0627/113540.708:ERROR:process_info.cc(329)] VirtualQueryEx: Отказано в доступе. (0x5)
[0627/113540.895:ERROR:process_info.cc(329)] VirtualQueryEx: Отказано в доступе. (0x5)
[0627/113540.599:ERROR:process_info.cc(329)] VirtualQueryEx: Отказано в доступе. (0x5)
[0627/113540.895:ERROR:process_info.cc(329)] VirtualQueryEx: Отказано в доступе. (0x5)
[0627/113540.895:ERROR:process_info.cc(329)] VirtualQueryEx: Отказано в доступе. (0x5)
[0627/113541.223:ERROR:process_info.cc(556)] ReadMemoryInfo failed
[0627/113541.223:ERROR:process_info.cc(556)] ReadMemoryInfo failed
[0627/113541.223:ERROR:process_info.cc(556)] ReadMemoryInfo failed
[0627/113541.223:ERROR:process_info.cc(556)] ReadMemoryInfo failed
[0627/113541.223:ERROR:process_info.cc(556)] ReadMemoryInfo failed
[0627/113541.130:ERROR:process_reader_win.cc(123)] NtOpenThread: {Отказано в доступе} Процесс запросил доступ к объекту, но права на доступ не предоставлены. (0xc0000022)
[0627/113542.129:ERROR:exception_snapshot_win.cc(98)] thread ID 18260 not found in process
[0627/113542.129:ERROR:scoped_process_suspend.cc(40)] NtResumeProcess: Попытка доступа к процессу, выполняющему процедуру завершения. (0xc000010a)
[0627/113541.223:ERROR:scoped_process_suspend.cc(40)] NtResumeProcess: Попытка доступа к процессу, выполняющему процедуру завершения. (0xc000010a)
[0627/113541.223:ERROR:scoped_process_suspend.cc(40)] NtResumeProcess: Попытка доступа к процессу, выполняющему процедуру завершения. (0xc000010a)
[0627/113542.145:ERROR:scoped_process_suspend.cc(40)] NtResumeProcess: Попытка доступа к процессу, выполняющему процедуру завершения. (0xc000010a)
[0627/113541.223:ERROR:scoped_process_suspend.cc(40)] NtResumeProcess: Попытка доступа к процессу, выполняющему процедуру завершения. (0xc000010a)
[0627/113541.583:ERROR:process_info.cc(329)] VirtualQueryEx: Отказано в доступе. (0x5)
[0627/113541.223:ERROR:scoped_process_suspend.cc(40)] NtResumeProcess: Попытка доступа к процессу, выполняющему процедуру завершения. (0xc000010a)
[0627/113542.145:ERROR:process_info.cc(556)] ReadMemoryInfo failed
[0627/113542.145:ERROR:scoped_process_suspend.cc(40)] NtResumeProcess: Попытка доступа к процессу, выполняющему процедуру завершения. (0xc000010a)
